<?xml version="1.0" encoding="UTF-8"?>
<testsuite xmlns:xsi="http://www.w3.org/2001/XMLSchema-instance" xsi:noNamespaceSchemaLocation="https://maven.apache.org/surefire/maven-surefire-plugin/xsd/surefire-test-report.xsd" name="com.rul.blog.mapper.UserMapperTest" time="0.035" tests="1" errors="0" skipped="0" failures="0">
  <properties>
    <property name="sun.desktop" value="windows"/>
    <property name="awt.toolkit" value="sun.awt.windows.WToolkit"/>
    <property name="file.encoding.pkg" value="sun.io"/>
    <property name="java.specification.version" value="1.8"/>
    <property name="sun.cpu.isalist" value="amd64"/>
    <property name="sun.jnu.encoding" value="GBK"/>
    <property name="java.class.path" value="D:\MyProject\rul-blog-server\target\test-classes;D:\MyProject\rul-blog-server\target\classes;D:\Application\maven_local_repository\org\springframework\boot\spring-boot-starter-web\2.3.1.RELEASE\spring-boot-starter-web-2.3.1.RELEASE.jar;D:\Application\maven_local_repository\org\springframework\boot\spring-boot-starter\2.3.1.RELEASE\spring-boot-starter-2.3.1.RELEASE.jar;D:\Application\maven_local_repository\org\springframework\boot\spring-boot\2.3.1.RELEASE\spring-boot-2.3.1.RELEASE.jar;D:\Application\maven_local_repository\org\springframework\boot\spring-boot-starter-logging\2.3.1.RELEASE\spring-boot-starter-logging-2.3.1.RELEASE.jar;D:\Application\maven_local_repository\ch\qos\logback\logback-classic\1.2.3\logback-classic-1.2.3.jar;D:\Application\maven_local_repository\ch\qos\logback\logback-core\1.2.3\logback-core-1.2.3.jar;D:\Application\maven_local_repository\org\apache\logging\log4j\log4j-to-slf4j\2.13.3\log4j-to-slf4j-2.13.3.jar;D:\Application\maven_local_repository\org\apache\logging\log4j\log4j-api\2.13.3\log4j-api-2.13.3.jar;D:\Application\maven_local_repository\org\slf4j\jul-to-slf4j\1.7.30\jul-to-slf4j-1.7.30.jar;D:\Application\maven_local_repository\jakarta\annotation\jakarta.annotation-api\1.3.5\jakarta.annotation-api-1.3.5.jar;D:\Application\maven_local_repository\org\yaml\snakeyaml\1.26\snakeyaml-1.26.jar;D:\Application\maven_local_repository\org\springframework\boot\spring-boot-starter-json\2.3.1.RELEASE\spring-boot-starter-json-2.3.1.RELEASE.jar;D:\Application\maven_local_repository\com\fasterxml\jackson\core\jackson-databind\2.11.0\jackson-databind-2.11.0.jar;D:\Application\maven_local_repository\com\fasterxml\jackson\core\jackson-annotations\2.11.0\jackson-annotations-2.11.0.jar;D:\Application\maven_local_repository\com\fasterxml\jackson\core\jackson-core\2.11.0\jackson-core-2.11.0.jar;D:\Application\maven_local_repository\com\fasterxml\jackson\datatype\jackson-datatype-jdk8\2.11.0\jackson-datatype-jdk8-2.11.0.jar;D:\Application\maven_local_repository\com\fasterxml\jackson\datatype\jackson-datatype-jsr310\2.11.0\jackson-datatype-jsr310-2.11.0.jar;D:\Application\maven_local_repository\com\fasterxml\jackson\module\jackson-module-parameter-names\2.11.0\jackson-module-parameter-names-2.11.0.jar;D:\Application\maven_local_repository\org\springframework\boot\spring-boot-starter-tomcat\2.3.1.RELEASE\spring-boot-starter-tomcat-2.3.1.RELEASE.jar;D:\Application\maven_local_repository\org\apache\tomcat\embed\tomcat-embed-core\9.0.36\tomcat-embed-core-9.0.36.jar;D:\Application\maven_local_repository\org\glassfish\jakarta.el\3.0.3\jakarta.el-3.0.3.jar;D:\Application\maven_local_repository\org\apache\tomcat\embed\tomcat-embed-websocket\9.0.36\tomcat-embed-websocket-9.0.36.jar;D:\Application\maven_local_repository\org\springframework\spring-web\5.2.7.RELEASE\spring-web-5.2.7.RELEASE.jar;D:\Application\maven_local_repository\org\springframework\spring-beans\5.2.7.RELEASE\spring-beans-5.2.7.RELEASE.jar;D:\Application\maven_local_repository\org\springframework\spring-webmvc\5.2.7.RELEASE\spring-webmvc-5.2.7.RELEASE.jar;D:\Application\maven_local_repository\org\springframework\spring-aop\5.2.7.RELEASE\spring-aop-5.2.7.RELEASE.jar;D:\Application\maven_local_repository\org\springframework\spring-context\5.2.7.RELEASE\spring-context-5.2.7.RELEASE.jar;D:\Application\maven_local_repository\org\springframework\spring-expression\5.2.7.RELEASE\spring-expression-5.2.7.RELEASE.jar;D:\Application\maven_local_repository\org\springframework\boot\spring-boot-starter-data-redis\2.3.1.RELEASE\spring-boot-starter-data-redis-2.3.1.RELEASE.jar;D:\Application\maven_local_repository\org\springframework\data\spring-data-redis\2.3.1.RELEASE\spring-data-redis-2.3.1.RELEASE.jar;D:\Application\maven_local_repository\org\springframework\data\spring-data-keyvalue\2.3.1.RELEASE\spring-data-keyvalue-2.3.1.RELEASE.jar;D:\Application\maven_local_repository\org\springframework\data\spring-data-commons\2.3.1.RELEASE\spring-data-commons-2.3.1.RELEASE.jar;D:\Application\maven_local_repository\org\springframework\spring-tx\5.2.7.RELEASE\spring-tx-5.2.7.RELEASE.jar;D:\Application\maven_local_repository\org\springframework\spring-oxm\5.2.7.RELEASE\spring-oxm-5.2.7.RELEASE.jar;D:\Application\maven_local_repository\io\lettuce\lettuce-core\5.3.1.RELEASE\lettuce-core-5.3.1.RELEASE.jar;D:\Application\maven_local_repository\io\netty\netty-common\4.1.50.Final\netty-common-4.1.50.Final.jar;D:\Application\maven_local_repository\io\netty\netty-handler\4.1.50.Final\netty-handler-4.1.50.Final.jar;D:\Application\maven_local_repository\io\netty\netty-resolver\4.1.50.Final\netty-resolver-4.1.50.Final.jar;D:\Application\maven_local_repository\io\netty\netty-buffer\4.1.50.Final\netty-buffer-4.1.50.Final.jar;D:\Application\maven_local_repository\io\netty\netty-codec\4.1.50.Final\netty-codec-4.1.50.Final.jar;D:\Application\maven_local_repository\io\netty\netty-transport\4.1.50.Final\netty-transport-4.1.50.Final.jar;D:\Application\maven_local_repository\io\projectreactor\reactor-core\3.3.6.RELEASE\reactor-core-3.3.6.RELEASE.jar;D:\Application\maven_local_repository\org\reactivestreams\reactive-streams\1.0.3\reactive-streams-1.0.3.jar;D:\Application\maven_local_repository\org\springframework\boot\spring-boot-starter-mail\2.3.1.RELEASE\spring-boot-starter-mail-2.3.1.RELEASE.jar;D:\Application\maven_local_repository\org\springframework\spring-context-support\5.2.7.RELEASE\spring-context-support-5.2.7.RELEASE.jar;D:\Application\maven_local_repository\com\sun\mail\jakarta.mail\1.6.5\jakarta.mail-1.6.5.jar;D:\Application\maven_local_repository\com\sun\activation\jakarta.activation\1.2.2\jakarta.activation-1.2.2.jar;D:\Application\maven_local_repository\mysql\mysql-connector-java\8.0.18\mysql-connector-java-8.0.18.jar;D:\Application\maven_local_repository\org\mybatis\spring\boot\mybatis-spring-boot-starter\1.3.2\mybatis-spring-boot-starter-1.3.2.jar;D:\Application\maven_local_repository\org\springframework\boot\spring-boot-starter-jdbc\2.3.1.RELEASE\spring-boot-starter-jdbc-2.3.1.RELEASE.jar;D:\Application\maven_local_repository\com\zaxxer\HikariCP\3.4.5\HikariCP-3.4.5.jar;D:\Application\maven_local_repository\org\springframework\spring-jdbc\5.2.7.RELEASE\spring-jdbc-5.2.7.RELEASE.jar;D:\Application\maven_local_repository\org\mybatis\spring\boot\mybatis-spring-boot-autoconfigure\1.3.2\mybatis-spring-boot-autoconfigure-1.3.2.jar;D:\Application\maven_local_repository\org\mybatis\mybatis\3.4.6\mybatis-3.4.6.jar;D:\Application\maven_local_repository\org\mybatis\mybatis-spring\1.3.2\mybatis-spring-1.3.2.jar;D:\Application\maven_local_repository\com\alibaba\druid-spring-boot-starter\1.1.10\druid-spring-boot-starter-1.1.10.jar;D:\Application\maven_local_repository\com\alibaba\druid\1.1.10\druid-1.1.10.jar;D:\Application\maven_local_repository\org\slf4j\slf4j-api\1.7.30\slf4j-api-1.7.30.jar;D:\Application\maven_local_repository\org\springframework\boot\spring-boot-autoconfigure\2.3.1.RELEASE\spring-boot-autoconfigure-2.3.1.RELEASE.jar;D:\Application\maven_local_repository\com\alibaba\fastjson\1.2.68\fastjson-1.2.68.jar;D:\Application\maven_local_repository\org\springframework\boot\spring-boot-starter-test\2.3.1.RELEASE\spring-boot-starter-test-2.3.1.RELEASE.jar;D:\Application\maven_local_repository\org\springframework\boot\spring-boot-test\2.3.1.RELEASE\spring-boot-test-2.3.1.RELEASE.jar;D:\Application\maven_local_repository\org\springframework\boot\spring-boot-test-autoconfigure\2.3.1.RELEASE\spring-boot-test-autoconfigure-2.3.1.RELEASE.jar;D:\Application\maven_local_repository\com\jayway\jsonpath\json-path\2.4.0\json-path-2.4.0.jar;D:\Application\maven_local_repository\net\minidev\json-smart\2.3\json-smart-2.3.jar;D:\Application\maven_local_repository\net\minidev\accessors-smart\1.2\accessors-smart-1.2.jar;D:\Application\maven_local_repository\org\ow2\asm\asm\5.0.4\asm-5.0.4.jar;D:\Application\maven_local_repository\jakarta\xml\bind\jakarta.xml.bind-api\2.3.3\jakarta.xml.bind-api-2.3.3.jar;D:\Application\maven_local_repository\jakarta\activation\jakarta.activation-api\1.2.2\jakarta.activation-api-1.2.2.jar;D:\Application\maven_local_repository\org\assertj\assertj-core\3.16.1\assertj-core-3.16.1.jar;D:\Application\maven_local_repository\org\hamcrest\hamcrest\2.2\hamcrest-2.2.jar;D:\Application\maven_local_repository\org\junit\jupiter\junit-jupiter\5.6.2\junit-jupiter-5.6.2.jar;D:\Application\maven_local_repository\org\junit\jupiter\junit-jupiter-api\5.6.2\junit-jupiter-api-5.6.2.jar;D:\Application\maven_local_repository\org\apiguardian\apiguardian-api\1.1.0\apiguardian-api-1.1.0.jar;D:\Application\maven_local_repository\org\opentest4j\opentest4j\1.2.0\opentest4j-1.2.0.jar;D:\Application\maven_local_repository\org\junit\platform\junit-platform-commons\1.6.2\junit-platform-commons-1.6.2.jar;D:\Application\maven_local_repository\org\junit\jupiter\junit-jupiter-params\5.6.2\junit-jupiter-params-5.6.2.jar;D:\Application\maven_local_repository\org\junit\jupiter\junit-jupiter-engine\5.6.2\junit-jupiter-engine-5.6.2.jar;D:\Application\maven_local_repository\org\junit\platform\junit-platform-engine\1.6.2\junit-platform-engine-1.6.2.jar;D:\Application\maven_local_repository\org\mockito\mockito-core\3.3.3\mockito-core-3.3.3.jar;D:\Application\maven_local_repository\net\bytebuddy\byte-buddy\1.10.11\byte-buddy-1.10.11.jar;D:\Application\maven_local_repository\net\bytebuddy\byte-buddy-agent\1.10.11\byte-buddy-agent-1.10.11.jar;D:\Application\maven_local_repository\org\objenesis\objenesis\2.6\objenesis-2.6.jar;D:\Application\maven_local_repository\org\mockito\mockito-junit-jupiter\3.3.3\mockito-junit-jupiter-3.3.3.jar;D:\Application\maven_local_repository\org\skyscreamer\jsonassert\1.5.0\jsonassert-1.5.0.jar;D:\Application\maven_local_repository\com\vaadin\external\google\android-json\0.0.20131108.vaadin1\android-json-0.0.20131108.vaadin1.jar;D:\Application\maven_local_repository\org\springframework\spring-core\5.2.7.RELEASE\spring-core-5.2.7.RELEASE.jar;D:\Application\maven_local_repository\org\springframework\spring-jcl\5.2.7.RELEASE\spring-jcl-5.2.7.RELEASE.jar;D:\Application\maven_local_repository\org\springframework\spring-test\5.2.7.RELEASE\spring-test-5.2.7.RELEASE.jar;D:\Application\maven_local_repository\org\xmlunit\xmlunit-core\2.7.0\xmlunit-core-2.7.0.jar;"/>
    <property name="java.vm.vendor" value="Oracle Corporation"/>
    <property name="sun.arch.data.model" value="64"/>
    <property name="user.variant" value=""/>
    <property name="java.vendor.url" value="http://java.oracle.com/"/>
    <property name="user.timezone" value="Asia/Shanghai"/>
    <property name="java.vm.specification.version" value="1.8"/>
    <property name="os.name" value="Windows 10"/>
    <property name="user.country" value="CN"/>
    <property name="sun.java.launcher" value="SUN_STANDARD"/>
    <property name="sun.boot.library.path" value="D:\Java\jdk\jre\bin"/>
    <property name="sun.java.command" value="C:\Users\罗汝0221\AppData\Local\Temp\surefire4819129642561457342\surefirebooter4665364826188920822.jar C:\Users\罗汝0221\AppData\Local\Temp\surefire4819129642561457342 2020-07-02T17-06-58_485-jvmRun1 surefire6604514500372730426tmp surefire_04943026802913241073tmp"/>
    <property name="surefire.test.class.path" value="D:\MyProject\rul-blog-server\target\test-classes;D:\MyProject\rul-blog-server\target\classes;D:\Application\maven_local_repository\org\springframework\boot\spring-boot-starter-web\2.3.1.RELEASE\spring-boot-starter-web-2.3.1.RELEASE.jar;D:\Application\maven_local_repository\org\springframework\boot\spring-boot-starter\2.3.1.RELEASE\spring-boot-starter-2.3.1.RELEASE.jar;D:\Application\maven_local_repository\org\springframework\boot\spring-boot\2.3.1.RELEASE\spring-boot-2.3.1.RELEASE.jar;D:\Application\maven_local_repository\org\springframework\boot\spring-boot-starter-logging\2.3.1.RELEASE\spring-boot-starter-logging-2.3.1.RELEASE.jar;D:\Application\maven_local_repository\ch\qos\logback\logback-classic\1.2.3\logback-classic-1.2.3.jar;D:\Application\maven_local_repository\ch\qos\logback\logback-core\1.2.3\logback-core-1.2.3.jar;D:\Application\maven_local_repository\org\apache\logging\log4j\log4j-to-slf4j\2.13.3\log4j-to-slf4j-2.13.3.jar;D:\Application\maven_local_repository\org\apache\logging\log4j\log4j-api\2.13.3\log4j-api-2.13.3.jar;D:\Application\maven_local_repository\org\slf4j\jul-to-slf4j\1.7.30\jul-to-slf4j-1.7.30.jar;D:\Application\maven_local_repository\jakarta\annotation\jakarta.annotation-api\1.3.5\jakarta.annotation-api-1.3.5.jar;D:\Application\maven_local_repository\org\yaml\snakeyaml\1.26\snakeyaml-1.26.jar;D:\Application\maven_local_repository\org\springframework\boot\spring-boot-starter-json\2.3.1.RELEASE\spring-boot-starter-json-2.3.1.RELEASE.jar;D:\Application\maven_local_repository\com\fasterxml\jackson\core\jackson-databind\2.11.0\jackson-databind-2.11.0.jar;D:\Application\maven_local_repository\com\fasterxml\jackson\core\jackson-annotations\2.11.0\jackson-annotations-2.11.0.jar;D:\Application\maven_local_repository\com\fasterxml\jackson\core\jackson-core\2.11.0\jackson-core-2.11.0.jar;D:\Application\maven_local_repository\com\fasterxml\jackson\datatype\jackson-datatype-jdk8\2.11.0\jackson-datatype-jdk8-2.11.0.jar;D:\Application\maven_local_repository\com\fasterxml\jackson\datatype\jackson-datatype-jsr310\2.11.0\jackson-datatype-jsr310-2.11.0.jar;D:\Application\maven_local_repository\com\fasterxml\jackson\module\jackson-module-parameter-names\2.11.0\jackson-module-parameter-names-2.11.0.jar;D:\Application\maven_local_repository\org\springframework\boot\spring-boot-starter-tomcat\2.3.1.RELEASE\spring-boot-starter-tomcat-2.3.1.RELEASE.jar;D:\Application\maven_local_repository\org\apache\tomcat\embed\tomcat-embed-core\9.0.36\tomcat-embed-core-9.0.36.jar;D:\Application\maven_local_repository\org\glassfish\jakarta.el\3.0.3\jakarta.el-3.0.3.jar;D:\Application\maven_local_repository\org\apache\tomcat\embed\tomcat-embed-websocket\9.0.36\tomcat-embed-websocket-9.0.36.jar;D:\Application\maven_local_repository\org\springframework\spring-web\5.2.7.RELEASE\spring-web-5.2.7.RELEASE.jar;D:\Application\maven_local_repository\org\springframework\spring-beans\5.2.7.RELEASE\spring-beans-5.2.7.RELEASE.jar;D:\Application\maven_local_repository\org\springframework\spring-webmvc\5.2.7.RELEASE\spring-webmvc-5.2.7.RELEASE.jar;D:\Application\maven_local_repository\org\springframework\spring-aop\5.2.7.RELEASE\spring-aop-5.2.7.RELEASE.jar;D:\Application\maven_local_repository\org\springframework\spring-context\5.2.7.RELEASE\spring-context-5.2.7.RELEASE.jar;D:\Application\maven_local_repository\org\springframework\spring-expression\5.2.7.RELEASE\spring-expression-5.2.7.RELEASE.jar;D:\Application\maven_local_repository\org\springframework\boot\spring-boot-starter-data-redis\2.3.1.RELEASE\spring-boot-starter-data-redis-2.3.1.RELEASE.jar;D:\Application\maven_local_repository\org\springframework\data\spring-data-redis\2.3.1.RELEASE\spring-data-redis-2.3.1.RELEASE.jar;D:\Application\maven_local_repository\org\springframework\data\spring-data-keyvalue\2.3.1.RELEASE\spring-data-keyvalue-2.3.1.RELEASE.jar;D:\Application\maven_local_repository\org\springframework\data\spring-data-commons\2.3.1.RELEASE\spring-data-commons-2.3.1.RELEASE.jar;D:\Application\maven_local_repository\org\springframework\spring-tx\5.2.7.RELEASE\spring-tx-5.2.7.RELEASE.jar;D:\Application\maven_local_repository\org\springframework\spring-oxm\5.2.7.RELEASE\spring-oxm-5.2.7.RELEASE.jar;D:\Application\maven_local_repository\io\lettuce\lettuce-core\5.3.1.RELEASE\lettuce-core-5.3.1.RELEASE.jar;D:\Application\maven_local_repository\io\netty\netty-common\4.1.50.Final\netty-common-4.1.50.Final.jar;D:\Application\maven_local_repository\io\netty\netty-handler\4.1.50.Final\netty-handler-4.1.50.Final.jar;D:\Application\maven_local_repository\io\netty\netty-resolver\4.1.50.Final\netty-resolver-4.1.50.Final.jar;D:\Application\maven_local_repository\io\netty\netty-buffer\4.1.50.Final\netty-buffer-4.1.50.Final.jar;D:\Application\maven_local_repository\io\netty\netty-codec\4.1.50.Final\netty-codec-4.1.50.Final.jar;D:\Application\maven_local_repository\io\netty\netty-transport\4.1.50.Final\netty-transport-4.1.50.Final.jar;D:\Application\maven_local_repository\io\projectreactor\reactor-core\3.3.6.RELEASE\reactor-core-3.3.6.RELEASE.jar;D:\Application\maven_local_repository\org\reactivestreams\reactive-streams\1.0.3\reactive-streams-1.0.3.jar;D:\Application\maven_local_repository\org\springframework\boot\spring-boot-starter-mail\2.3.1.RELEASE\spring-boot-starter-mail-2.3.1.RELEASE.jar;D:\Application\maven_local_repository\org\springframework\spring-context-support\5.2.7.RELEASE\spring-context-support-5.2.7.RELEASE.jar;D:\Application\maven_local_repository\com\sun\mail\jakarta.mail\1.6.5\jakarta.mail-1.6.5.jar;D:\Application\maven_local_repository\com\sun\activation\jakarta.activation\1.2.2\jakarta.activation-1.2.2.jar;D:\Application\maven_local_repository\mysql\mysql-connector-java\8.0.18\mysql-connector-java-8.0.18.jar;D:\Application\maven_local_repository\org\mybatis\spring\boot\mybatis-spring-boot-starter\1.3.2\mybatis-spring-boot-starter-1.3.2.jar;D:\Application\maven_local_repository\org\springframework\boot\spring-boot-starter-jdbc\2.3.1.RELEASE\spring-boot-starter-jdbc-2.3.1.RELEASE.jar;D:\Application\maven_local_repository\com\zaxxer\HikariCP\3.4.5\HikariCP-3.4.5.jar;D:\Application\maven_local_repository\org\springframework\spring-jdbc\5.2.7.RELEASE\spring-jdbc-5.2.7.RELEASE.jar;D:\Application\maven_local_repository\org\mybatis\spring\boot\mybatis-spring-boot-autoconfigure\1.3.2\mybatis-spring-boot-autoconfigure-1.3.2.jar;D:\Application\maven_local_repository\org\mybatis\mybatis\3.4.6\mybatis-3.4.6.jar;D:\Application\maven_local_repository\org\mybatis\mybatis-spring\1.3.2\mybatis-spring-1.3.2.jar;D:\Application\maven_local_repository\com\alibaba\druid-spring-boot-starter\1.1.10\druid-spring-boot-starter-1.1.10.jar;D:\Application\maven_local_repository\com\alibaba\druid\1.1.10\druid-1.1.10.jar;D:\Application\maven_local_repository\org\slf4j\slf4j-api\1.7.30\slf4j-api-1.7.30.jar;D:\Application\maven_local_repository\org\springframework\boot\spring-boot-autoconfigure\2.3.1.RELEASE\spring-boot-autoconfigure-2.3.1.RELEASE.jar;D:\Application\maven_local_repository\com\alibaba\fastjson\1.2.68\fastjson-1.2.68.jar;D:\Application\maven_local_repository\org\springframework\boot\spring-boot-starter-test\2.3.1.RELEASE\spring-boot-starter-test-2.3.1.RELEASE.jar;D:\Application\maven_local_repository\org\springframework\boot\spring-boot-test\2.3.1.RELEASE\spring-boot-test-2.3.1.RELEASE.jar;D:\Application\maven_local_repository\org\springframework\boot\spring-boot-test-autoconfigure\2.3.1.RELEASE\spring-boot-test-autoconfigure-2.3.1.RELEASE.jar;D:\Application\maven_local_repository\com\jayway\jsonpath\json-path\2.4.0\json-path-2.4.0.jar;D:\Application\maven_local_repository\net\minidev\json-smart\2.3\json-smart-2.3.jar;D:\Application\maven_local_repository\net\minidev\accessors-smart\1.2\accessors-smart-1.2.jar;D:\Application\maven_local_repository\org\ow2\asm\asm\5.0.4\asm-5.0.4.jar;D:\Application\maven_local_repository\jakarta\xml\bind\jakarta.xml.bind-api\2.3.3\jakarta.xml.bind-api-2.3.3.jar;D:\Application\maven_local_repository\jakarta\activation\jakarta.activation-api\1.2.2\jakarta.activation-api-1.2.2.jar;D:\Application\maven_local_repository\org\assertj\assertj-core\3.16.1\assertj-core-3.16.1.jar;D:\Application\maven_local_repository\org\hamcrest\hamcrest\2.2\hamcrest-2.2.jar;D:\Application\maven_local_repository\org\junit\jupiter\junit-jupiter\5.6.2\junit-jupiter-5.6.2.jar;D:\Application\maven_local_repository\org\junit\jupiter\junit-jupiter-api\5.6.2\junit-jupiter-api-5.6.2.jar;D:\Application\maven_local_repository\org\apiguardian\apiguardian-api\1.1.0\apiguardian-api-1.1.0.jar;D:\Application\maven_local_repository\org\opentest4j\opentest4j\1.2.0\opentest4j-1.2.0.jar;D:\Application\maven_local_repository\org\junit\platform\junit-platform-commons\1.6.2\junit-platform-commons-1.6.2.jar;D:\Application\maven_local_repository\org\junit\jupiter\junit-jupiter-params\5.6.2\junit-jupiter-params-5.6.2.jar;D:\Application\maven_local_repository\org\junit\jupiter\junit-jupiter-engine\5.6.2\junit-jupiter-engine-5.6.2.jar;D:\Application\maven_local_repository\org\junit\platform\junit-platform-engine\1.6.2\junit-platform-engine-1.6.2.jar;D:\Application\maven_local_repository\org\mockito\mockito-core\3.3.3\mockito-core-3.3.3.jar;D:\Application\maven_local_repository\net\bytebuddy\byte-buddy\1.10.11\byte-buddy-1.10.11.jar;D:\Application\maven_local_repository\net\bytebuddy\byte-buddy-agent\1.10.11\byte-buddy-agent-1.10.11.jar;D:\Application\maven_local_repository\org\objenesis\objenesis\2.6\objenesis-2.6.jar;D:\Application\maven_local_repository\org\mockito\mockito-junit-jupiter\3.3.3\mockito-junit-jupiter-3.3.3.jar;D:\Application\maven_local_repository\org\skyscreamer\jsonassert\1.5.0\jsonassert-1.5.0.jar;D:\Application\maven_local_repository\com\vaadin\external\google\android-json\0.0.20131108.vaadin1\android-json-0.0.20131108.vaadin1.jar;D:\Application\maven_local_repository\org\springframework\spring-core\5.2.7.RELEASE\spring-core-5.2.7.RELEASE.jar;D:\Application\maven_local_repository\org\springframework\spring-jcl\5.2.7.RELEASE\spring-jcl-5.2.7.RELEASE.jar;D:\Application\maven_local_repository\org\springframework\spring-test\5.2.7.RELEASE\spring-test-5.2.7.RELEASE.jar;D:\Application\maven_local_repository\org\xmlunit\xmlunit-core\2.7.0\xmlunit-core-2.7.0.jar;"/>
    <property name="sun.cpu.endian" value="little"/>
    <property name="user.home" value="C:\Users\罗汝0221"/>
    <property name="user.language" value="zh"/>
    <property name="java.specification.vendor" value="Oracle Corporation"/>
    <property name="java.home" value="D:\Java\jdk\jre"/>
    <property name="basedir" value="D:\MyProject\rul-blog-server"/>
    <property name="file.separator" value="\"/>
    <property name="line.separator" value="&#10;"/>
    <property name="java.vm.specification.vendor" value="Oracle Corporation"/>
    <property name="java.specification.name" value="Java Platform API Specification"/>
    <property name="java.awt.graphicsenv" value="sun.awt.Win32GraphicsEnvironment"/>
    <property name="surefire.real.class.path" value="C:\Users\罗汝0221\AppData\Local\Temp\surefire4819129642561457342\surefirebooter4665364826188920822.jar"/>
    <property name="sun.boot.class.path" value="D:\Java\jdk\jre\lib\resources.jar;D:\Java\jdk\jre\lib\rt.jar;D:\Java\jdk\jre\lib\sunrsasign.jar;D:\Java\jdk\jre\lib\jsse.jar;D:\Java\jdk\jre\lib\jce.jar;D:\Java\jdk\jre\lib\charsets.jar;D:\Java\jdk\jre\lib\jfr.jar;D:\Java\jdk\jre\classes"/>
    <property name="user.script" value=""/>
    <property name="sun.management.compiler" value="HotSpot 64-Bit Tiered Compilers"/>
    <property name="java.runtime.version" value="1.8.0_201-b09"/>
    <property name="user.name" value="罗汝0221"/>
    <property name="path.separator" value=";"/>
    <property name="os.version" value="10.0"/>
    <property name="java.endorsed.dirs" value="D:\Java\jdk\jre\lib\endorsed"/>
    <property name="java.runtime.name" value="Java(TM) SE Runtime Environment"/>
    <property name="file.encoding" value="GBK"/>
    <property name="java.vm.name" value="Java HotSpot(TM) 64-Bit Server VM"/>
    <property name="localRepository" value="D:\Application\maven_local_repository"/>
    <property name="java.vendor.url.bug" value="http://bugreport.sun.com/bugreport/"/>
    <property name="java.io.tmpdir" value="C:\Users\罗汝0221\AppData\Local\Temp\"/>
    <property name="java.version" value="1.8.0_201"/>
    <property name="user.dir" value="D:\MyProject\rul-blog-server"/>
    <property name="os.arch" value="amd64"/>
    <property name="java.vm.specification.name" value="Java Virtual Machine Specification"/>
    <property name="java.awt.printerjob" value="sun.awt.windows.WPrinterJob"/>
    <property name="idea.version2019.3.1" value="true"/>
    <property name="sun.os.patch.level" value=""/>
    <property name="java.library.path" value="D:\Java\jdk\jre\bin;C:\WINDOWS\Sun\Java\bin;C:\WINDOWS\system32;C:\WINDOWS;D:\Application\xshell\Xlpd 6\;D:\Application\xshell\Xshell 6\;D:\Application\xshell\Xmanager 6\;C:\Program Files (x86)\Common Files\Oracle\Java\javapath;C:\WINDOWS\system32;C:\WINDOWS;C:\WINDOWS\System32\Wbem;C:\WINDOWS\System32\WindowsPowerShell\v1.0\;D:\MySQL\mysql-8.0.15-winx64\bin;D:\Application\Git\Git\cmd;D:\Java\jdk\bin;D:\Application\Cmder;C:\WINDOWS\System32\OpenSSH\;D:\Application\apache-maven-3.6.1\bin;D:\MinGW\bin;D:\Application\nvm;D:\Application\nodejs;D:\Application\nodejs\node_global;C:\Program Files\dotnet\;D:\Python\Scripts\;D:\Python\;C:\Users\罗汝0221\AppData\Local\Microsoft\WindowsApps;D:\IDEA\IntelliJ IDEA 2019.1.1\bin;C:\Users\罗汝0221\AppData\Local\atom\bin;D:\Application\Microsoft VS Code\bin;D:\应用\Bandizip\;D:\Application\nodejs\node_global;D:\Application\nvm;D:\Application\nodejs;;."/>
    <property name="java.vm.info" value="mixed mode"/>
    <property name="java.vendor" value="Oracle Corporation"/>
    <property name="java.vm.version" value="25.201-b09"/>
    <property name="java.ext.dirs" value="D:\Java\jdk\jre\lib\ext;C:\WINDOWS\Sun\Java\lib\ext"/>
    <property name="sun.io.unicode.encoding" value="UnicodeLittle"/>
    <property name="java.class.version" value="52.0"/>
  </properties>
  <testcase name="findUserByEmailTest" classname="com.rul.blog.mapper.UserMapperTest" time="0.003"/>
</testsuite>